Using pre-set license
Built from '2020.3/release' branch; Version is '2020.3.31f1 (6b54b7616050) revision 7034039'; Using compiler version '192528614'; Build Type 'Release'
OS: 'Windows 10  (10.0.19044) 64bit Professional' Language: 'ko' Physical Memory: 16342 MB
BatchMode: 1, IsHumanControllingUs: 0, StartBugReporterOnCrash: 0, Is64bit: 1, IsPro: 0

COMMAND LINE ARGUMENTS:
C:\Program Files\Unity 2020.3.31f1\Editor\Unity.exe
-adb2
-batchMode
-noUpm
-name
AssetImportWorker0
-projectPath
C:/Users/79wog/Documents/GitHub/capstone/capstone
-logFile
Logs/AssetImportWorker0.log
-srvPort
52898
Successfully changed project path to: C:/Users/79wog/Documents/GitHub/capstone/capstone
C:/Users/79wog/Documents/GitHub/capstone/capstone
Using Asset Import Pipeline V2.
Refreshing native plugins compatible for Editor in 386.88 ms, found 6 plugins.
Preloading 1 native plugins for Editor in 4.00 ms.
Initialize engine version: 2020.3.31f1 (6b54b7616050)
[Subsystems] Discovering subsystems at path C:/Program Files/Unity 2020.3.31f1/Editor/Data/Resources/UnitySubsystems
[Subsystems] Discovering subsystems at path C:/Users/79wog/Documents/GitHub/capstone/capstone/Assets
GfxDevice: creating device client; threaded=0
Direct3D:
    Version:  Direct3D 11.0 [level 11.1]
    Renderer: NVIDIA GeForce GTX 1050 (ID=0x1c81)
    Vendor:   
    VRAM:     1977 MB
    Driver:   27.21.14.5671
Shader 'Oculus/OVRMRCameraFrameLit': fallback shader 'Alpha-Diffuse' not found
Initialize mono
Mono path[0] = 'C:/Program Files/Unity 2020.3.31f1/Editor/Data/Managed'
Mono path[1] = 'C:/Program Files/Unity 2020.3.31f1/Editor/Data/MonoBleedingEdge/lib/mono/unityjit'
Mono config path = 'C:/Program Files/Unity 2020.3.31f1/Editor/Data/MonoBleedingEdge/etc'
Using monoOptions --debugger-agent=transport=dt_socket,embedding=1,server=y,suspend=n,address=127.0.0.1:56388
Begin MonoManager ReloadAssembly
Registering precompiled unity dll's ...
Register platform support module: C:/Program Files/Unity 2020.3.31f1/Editor/Data/PlaybackEngines/WindowsStandaloneSupport/UnityEditor.WindowsStandalone.Extensions.dll
Registered in 0.004206 seconds.
Native extension for WindowsStandalone target not found
Refreshing native plugins compatible for Editor in 122.92 ms, found 6 plugins.
Preloading 1 native plugins for Editor in 0.12 ms.
Mono: successfully reloaded assembly
- Completed reload, in  1.195 seconds
Domain Reload Profiling:
	ReloadAssembly (1196ms)
		BeginReloadAssembly (150ms)
			ExecutionOrderSort (0ms)
			DisableScriptedObjects (0ms)
			BackupInstance (0ms)
			ReleaseScriptingObjects (0ms)
			CreateAndSetChildDomain (1ms)
		EndReloadAssembly (907ms)
			LoadAssemblies (142ms)
			RebuildTransferFunctionScriptingTraits (0ms)
			SetupTypeCache (420ms)
			ReleaseScriptCaches (0ms)
			RebuildScriptCaches (39ms)
			SetupLoadedEditorAssemblies (298ms)
				LogAssemblyErrors (0ms)
				InitializePlatformSupportModulesInManaged (5ms)
				SetLoadedEditorAssemblies (0ms)
				RefreshPlugins (123ms)
				BeforeProcessingInitializeOnLoad (22ms)
				ProcessInitializeOnLoadAttributes (102ms)
				ProcessInitializeOnLoadMethodAttributes (45ms)
				AfterProcessingInitializeOnLoad (0ms)
				EditorAssembliesLoaded (0ms)
			ExecutionOrderSort2 (0ms)
			AwakeInstancesAfterBackupRestoration (0ms)
Platform modules already initialized, skipping
Registering precompiled user dll's ...
Registered in 0.019743 seconds.
Begin MonoManager ReloadAssembly
Symbol file data-0000021DA0D7C680 doesn't match image C:\Users\79wog\Documents\GitHub\capstone\capstone\Library\ScriptAssemblies\Oculus.VR.Editor.dll
Symbol file LoadedFromMemory is not a mono symbol file
Symbol file data-0000021DA1470020 doesn't match image C:\Users\79wog\Documents\GitHub\capstone\capstone\Library\ScriptAssemblies\Oculus.Interaction.Samples.dll
Symbol file LoadedFromMemory is not a mono symbol file
Symbol file data-0000021DA0DA3090 doesn't match image C:\Users\79wog\Documents\GitHub\capstone\capstone\Library\ScriptAssemblies\Unity.VSCode.Editor.dll
Symbol file LoadedFromMemory is not a mono symbol file
Symbol file data-0000021DA0B74030 doesn't match image C:\Users\79wog\Documents\GitHub\capstone\capstone\Library\ScriptAssemblies\Oculus.Platform.dll
Symbol file LoadedFromMemory is not a mono symbol file
Symbol file data-0000021DA0DA01E0 doesn't match image C:\Users\79wog\Documents\GitHub\capstone\capstone\Library\ScriptAssemblies\AssistantCoreSDKEditor.dll
Symbol file LoadedFromMemory is not a mono symbol file
Symbol file data-0000021DA0D7C680 doesn't match image C:\Users\79wog\Documents\GitHub\capstone\capstone\Library\ScriptAssemblies\Oculus.Interaction.Editor.dll
Symbol file LoadedFromMemory is not a mono symbol file
Symbol file data-0000021F7C83B5C0 doesn't match image C:\Users\79wog\Documents\GitHub\capstone\capstone\Library\ScriptAssemblies\Unity.TextMeshPro.Editor.dll
Symbol file LoadedFromMemory is not a mono symbol file
Symbol file data-0000021DA0D7C680 doesn't match image C:\Users\79wog\Documents\GitHub\capstone\capstone\Library\ScriptAssemblies\Unity.VisualStudio.Editor.dll
Symbol file LoadedFromMemory is not a mono symbol file
Symbol file data-0000021DA0DA3090 doesn't match image C:\Users\79wog\Documents\GitHub\capstone\capstone\Library\ScriptAssemblies\Oculus.AudioManager.dll
Symbol file LoadedFromMemory is not a mono symbol file
Symbol file data-0000021F7C678630 doesn't match image C:\Users\79wog\Documents\GitHub\capstone\capstone\Library\ScriptAssemblies\Oculus.VR.Scripts.Editor.dll
Symbol file LoadedFromMemory is not a mono symbol file
Symbol file data-0000021DA0DA3090 doesn't match image C:\Users\79wog\Documents\GitHub\capstone\capstone\Library\ScriptAssemblies\Oculus.Spatializer.dll
Symbol file LoadedFromMemory is not a mono symbol file
Symbol file data-0000021DA06CB020 doesn't match image C:\Users\79wog\Documents\GitHub\capstone\capstone\Library\ScriptAssemblies\UnityEngine.TestRunner.dll
Symbol file LoadedFromMemory is not a mono symbol file
Symbol file data-0000021DA06DDA30 doesn't match image C:\Users\79wog\Documents\GitHub\capstone\capstone\Library\ScriptAssemblies\Unity.XR.Management.Editor.dll
Symbol file LoadedFromMemory is not a mono symbol file
Symbol file data-0000021DA0BD8970 doesn't match image C:\Users\79wog\Documents\GitHub\capstone\capstone\Library\ScriptAssemblies\Oculus.Platform.Editor.dll
Symbol file LoadedFromMemory is not a mono symbol file
Symbol file data-0000021DA06FDA40 doesn't match image C:\Users\79wog\Documents\GitHub\capstone\capstone\Library\ScriptAssemblies\Unity.Timeline.dll
Symbol file LoadedFromMemory is not a mono symbol file
Symbol file data-0000021DA0499420 doesn't match image C:\Users\79wog\Documents\GitHub\capstone\capstone\Library\ScriptAssemblies\Oculus.Interaction.dll
Symbol file LoadedFromMemory is not a mono symbol file
Symbol file data-0000021DA0499420 doesn't match image C:\Users\79wog\Documents\GitHub\capstone\capstone\Library\ScriptAssemblies\Unity.TextMeshPro.dll
Symbol file LoadedFromMemory is not a mono symbol file
Symbol file data-0000021DA1B72A20 doesn't match image C:\Users\79wog\Documents\GitHub\capstone\capstone\Library\ScriptAssemblies\AssistantCoreSDKRuntime.dll
Symbol file LoadedFromMemory is not a mono symbol file
Symbol file data-0000021DA0E65010 doesn't match image C:\Users\79wog\Documents\GitHub\capstone\capstone\Library\ScriptAssemblies\UnityEditor.TestRunner.dll
Symbol file LoadedFromMemory is not a mono symbol file
Symbol file data-0000021F7BBCB6A0 doesn't match image C:\Users\79wog\Documents\GitHub\capstone\capstone\Library\ScriptAssemblies\Oculus.AudioManager.Utils.Editor.dll
Symbol file LoadedFromMemory is not a mono symbol file
Symbol file data-0000021F7B98ACD0 doesn't match image C:\Users\79wog\Documents\GitHub\capstone\capstone\Library\ScriptAssemblies\Unity.Subsystem.Registration.dll
Symbol file LoadedFromMemory is not a mono symbol file
Symbol file data-0000021DA01F3F10 doesn't match image C:\Users\79wog\Documents\GitHub\capstone\capstone\Library\ScriptAssemblies\UnityEditor.UI.dll
Symbol file LoadedFromMemory is not a mono symbol file
Symbol file data-0000021DA0B87E40 doesn't match image C:\Users\79wog\Documents\GitHub\capstone\capstone\Library\ScriptAssemblies\Unity.Rider.Editor.dll
Symbol file LoadedFromMemory is not a mono symbol file
Symbol file data-0000021DA10E4A40 doesn't match image C:\Users\79wog\Documents\GitHub\capstone\capstone\Library\ScriptAssemblies\Unity.PlasticSCM.Editor.dll
Symbol file LoadedFromMemory is not a mono symbol file
Symbol file data-0000021DA1234420 doesn't match image C:\Users\79wog\Documents\GitHub\capstone\capstone\Library\ScriptAssemblies\UnityEngine.UI.dll
Symbol file LoadedFromMemory is not a mono symbol file
Symbol file data-0000021DA14A14B0 doesn't match image C:\Users\79wog\Documents\GitHub\capstone\capstone\Library\ScriptAssemblies\UnityEngine.SpatialTracking.dll
Symbol file LoadedFromMemory is not a mono symbol file
Symbol file data-0000021DA0EB0050 doesn't match image C:\Users\79wog\Documents\GitHub\capstone\capstone\Library\ScriptAssemblies\Facebook.WitAI.dll
Symbol file LoadedFromMemory is not a mono symbol file
Symbol file data-0000021DA10C5A20 doesn't match image C:\Users\79wog\Documents\GitHub\capstone\capstone\Library\ScriptAssemblies\Runtime.dll
Symbol file LoadedFromMemory is not a mono symbol file
Symbol file data-0000021F7C518010 doesn't match image C:\Users\79wog\Documents\GitHub\capstone\capstone\Library\ScriptAssemblies\VoiceSDK.Editor.dll
Symbol file LoadedFromMemory is not a mono symbol file
Symbol file data-0000021DA14A14B0 doesn't match image C:\Users\79wog\Documents\GitHub\capstone\capstone\Library\ScriptAssemblies\Oculus.Interaction.InterfaceSupport.dll
Symbol file LoadedFromMemory is not a mono symbol file
Symbol file data-0000021DA0EB0050 doesn't match image C:\Users\79wog\Documents\GitHub\capstone\capstone\Library\ScriptAssemblies\Unity.Services.Core.Editor.dll
Symbol file LoadedFromMemory is not a mono symbol file
Symbol file data-0000021DA0BDC0D0 doesn't match image C:\Users\79wog\Documents\GitHub\capstone\capstone\Library\ScriptAssemblies\Facebook.Wit.Editor.dll
Symbol file LoadedFromMemory is not a mono symbol file
Symbol file data-0000021DA1982050 doesn't match image C:\Users\79wog\Documents\GitHub\capstone\capstone\Library\ScriptAssemblies\UnityEngine.XR.LegacyInputHelpers.dll
Symbol file LoadedFromMemory is not a mono symbol file
Symbol file data-0000021F7C7A8D20 doesn't match image C:\Users\79wog\Documents\GitHub\capstone\capstone\Library\ScriptAssemblies\Oculus.VR.dll
Symbol file LoadedFromMemory is not a mono symbol file
Symbol file data-0000021DA08B96E0 doesn't match image C:\Users\79wog\Documents\GitHub\capstone\capstone\Library\ScriptAssemblies\Oculus.AudioManager.Audio.Editor.dll
Symbol file LoadedFromMemory is not a mono symbol file
Symbol file data-0000021F7C7A8D20 doesn't match image C:\Users\79wog\Documents\GitHub\capstone\capstone\Library\ScriptAssemblies\Unity.Timeline.Editor.dll
Symbol file LoadedFromMemory is not a mono symbol file
Symbol file data-0000021DA0663470 doesn't match image C:\Users\79wog\Documents\GitHub\capstone\capstone\Library\ScriptAssemblies\Oculus.Spatializer.Editor.dll
Symbol file LoadedFromMemory is not a mono symbol file
Symbol file data-0000021F7BC61E60 doesn't match image C:\Users\79wog\Documents\GitHub\capstone\capstone\Library\ScriptAssemblies\Oculus.LipSync.Editor.dll
Symbol file LoadedFromMemory is not a mono symbol file
Symbol file data-0000021DA10C5A20 doesn't match image C:\Users\79wog\Documents\GitHub\capstone\capstone\Library\ScriptAssemblies\UnityEditor.XR.LegacyInputHelpers.dll
Symbol file LoadedFromMemory is not a mono symbol file
Symbol file data-0000021DA10C5A20 doesn't match image C:\Users\79wog\Documents\GitHub\capstone\capstone\Library\ScriptAssemblies\Unity.XR.Management.dll
Symbol file LoadedFromMemory is not a mono symbol file
Symbol file data-0000021DA0F6CC50 doesn't match image C:\Users\79wog\Documents\GitHub\capstone\capstone\Library\ScriptAssemblies\Unity.CollabProxy.Editor.dll
Symbol file LoadedFromMemory is not a mono symbol file
Symbol file data-0000021DA081CE30 doesn't match image C:\Users\79wog\Documents\GitHub\capstone\capstone\Library\ScriptAssemblies\Oculus.LipSync.dll
Symbol file LoadedFromMemory is not a mono symbol file
Symbol file data-0000021DA124E440 doesn't match image C:\Users\79wog\Documents\GitHub\capstone\capstone\Library\ScriptAssemblies\Unity.XR.Oculus.Editor.dll
Symbol file LoadedFromMemory is not a mono symbol file
Symbol file data-0000021F7C4C1E60 doesn't match image C:\Users\79wog\Documents\GitHub\capstone\capstone\Library\ScriptAssemblies\VoiceSDK.Runtime.dll
Symbol file LoadedFromMemory is not a mono symbol file
Symbol file data-0000021F7C8075B0 doesn't match image C:\Users\79wog\Documents\GitHub\capstone\capstone\Library\ScriptAssemblies\UnityEditor.SpatialTracking.dll
Symbol file LoadedFromMemory is not a mono symbol file
Symbol file data-0000021F7C682100 doesn't match image C:\Users\79wog\Documents\GitHub\capstone\capstone\Library\ScriptAssemblies\Unity.XR.Oculus.dll
Symbol file LoadedFromMemory is not a mono symbol file
Native extension for WindowsStandalone target not found
Refreshing native plugins compatible for Editor in 1.52 ms, found 6 plugins.
Preloading 1 native plugins for Editor in 0.11 ms.
[XR] OculusXRPlugin: registering subsystems
[XR] Unable to register display lifecyle provider: [1]
[XR] Oculus Input lifecycle provider registered.
[XR] Unable to register input lifecyle provider: [1]
[XR] OVRP version 1.70.0
Mono: successfully reloaded assembly
- Completed reload, in  6.259 seconds
Domain Reload Profiling:
	ReloadAssembly (6261ms)
		BeginReloadAssembly (599ms)
			ExecutionOrderSort (0ms)
			DisableScriptedObjects (5ms)
			BackupInstance (0ms)
			ReleaseScriptingObjects (0ms)
			CreateAndSetChildDomain (48ms)
		EndReloadAssembly (5555ms)
			LoadAssemblies (362ms)
			RebuildTransferFunctionScriptingTraits (0ms)
			SetupTypeCache (855ms)
			ReleaseScriptCaches (1ms)
			RebuildScriptCaches (147ms)
			SetupLoadedEditorAssemblies (4026ms)
				LogAssemblyErrors (0ms)
				InitializePlatformSupportModulesInManaged (6ms)
				SetLoadedEditorAssemblies (1ms)
				RefreshPlugins (2ms)
				BeforeProcessingInitializeOnLoad (160ms)
				ProcessInitializeOnLoadAttributes (3802ms)
				ProcessInitializeOnLoadMethodAttributes (38ms)
				AfterProcessingInitializeOnLoad (18ms)
				EditorAssembliesLoaded (0ms)
			ExecutionOrderSort2 (0ms)
			AwakeInstancesAfterBackupRestoration (10ms)
Platform modules already initialized, skipping
========================================================================
Worker process is ready to serve import requests
Shader 'DawnShaderHDRP_V2/HairHDRP': fallback shader 'Hidden/Shader Graph/FallbackError' not found
Shader 'DawnShaderHDRP_V2/HairHDRP': fallback shader 'Hidden/Shader Graph/FallbackError' not found
Shader 'Oculus/OVRMRCameraFrameLit': fallback shader 'Alpha-Diffuse' not found
Launched and connected shader compiler UnityShaderCompiler.exe after 0.12 seconds
Refreshing native plugins compatible for Editor in 1.16 ms, found 6 plugins.
Preloading 1 native plugins for Editor in 0.13 ms.
Unloading 3419 Unused Serialized files (Serialized files now loaded: 0)
System memory in use before: 186.6 MB.
System memory in use after: 183.4 MB.

Unloading 62 unused Assets to reduce memory usage. Loaded Objects now: 3846.
Total: 5.720700 ms (FindLiveObjects: 0.386400 ms CreateObjectMapping: 0.223800 ms MarkObjects: 3.927600 ms  DeleteObjects: 1.181700 ms)

AssetImportParameters requested are different than current active one (requested -> active):
  custom:framework-win-MediaFoundation: 216162199b28c13a410421893ffa2e32 -> 
  custom:video-decoder-ogg-theora: a1e56fd34408186e4bbccfd4996cb3dc -> 
  custom:container-muxer-webm: aa71ff27fc2769a1b78a27578f13a17b -> 
  custom:container-demuxer-webm: 4f35f7cbe854078d1ac9338744f61a02 -> 
  custom:container-demuxer-ogg: 62fdf1f143b41e24485cea50d1cbac27 -> 
  custom:video-encoder-webm-vp8: eb34c28f22e8b96e1ab97ce403110664 -> 
  custom:video-decoder-webm-vp8: 9c59270c3fd7afecdb556c50c9e8de78 -> 
  custom:audio-decoder-ogg-vorbis: bf7c407c2cedff20999df2af8eb42d56 -> 
  custom:audio-encoder-webm-vorbis: bf7c407c2cedff20999df2af8eb42d56 -> 
========================================================================
Received Import Request.
  path: Assets/New_Avatar_Mask.mask
  artifactKey: Guid(f85238e59a64c314aa2f5a531f10cae9) Importer(815301076,1909f56bfc062723c751e8b465ee728b)
Start importing Assets/New_Avatar_Mask.mask using Guid(f85238e59a64c314aa2f5a531f10cae9) Importer(815301076,1909f56bfc062723c751e8b465ee728b)  -> (artifact id: 'ca9805a6df9d2b7769539a86a259e266') in 0.081802 seconds 
========================================================================
Received Import Request.
  Time since last request: 193.592802 seconds.
  path: Assets/avatarOnlyLower.mask
  artifactKey: Guid(f85238e59a64c314aa2f5a531f10cae9) Importer(815301076,1909f56bfc062723c751e8b465ee728b)
Start importing Assets/avatarOnlyLower.mask using Guid(f85238e59a64c314aa2f5a531f10cae9) Importer(815301076,1909f56bfc062723c751e8b465ee728b)  -> (artifact id: '0d20c1aeef37987ef35f1785e8055dcc') in 0.014234 seconds 
========================================================================
Received Import Request.
  Time since last request: 9.787872 seconds.
  path: Assets/Animations/SK_MKnight01_SourceMeshes.controller
  artifactKey: Guid(df5280fa47e2eb643a33098b9bfb47ba) Importer(815301076,1909f56bfc062723c751e8b465ee728b)
Start importing Assets/Animations/SK_MKnight01_SourceMeshes.controller using Guid(df5280fa47e2eb643a33098b9bfb47ba) Importer(815301076,1909f56bfc062723c751e8b465ee728b)  -> (artifact id: '617d00d1c40467a6ba3c86794b30f7c6') in 0.045813 seconds 
AssetImportWorkerClient::OnTransportError - code=2 error=End of file
