Using pre-set license
Built from '2020.3/release' branch; Version is '2020.3.31f1 (6b54b7616050) revision 7034039'; Using compiler version '192528614'; Build Type 'Release'
OS: 'Windows 10  (10.0.19043) 64bit Professional' Language: 'ko' Physical Memory: 16333 MB
BatchMode: 1, IsHumanControllingUs: 0, StartBugReporterOnCrash: 0, Is64bit: 1, IsPro: 0

COMMAND LINE ARGUMENTS:
C:\Program Files\Unity\Hub\Editor\2020.3.31f1\Editor\Unity.exe
-adb2
-batchMode
-noUpm
-name
AssetImportWorker0
-projectPath
C:/Users/82105/Documents/capstone/capstone
-logFile
Logs/AssetImportWorker0.log
-srvPort
62423
Successfully changed project path to: C:/Users/82105/Documents/capstone/capstone
C:/Users/82105/Documents/capstone/capstone
Using Asset Import Pipeline V2.
Refreshing native plugins compatible for Editor in 83.03 ms, found 6 plugins.
Preloading 1 native plugins for Editor in 0.66 ms.
Initialize engine version: 2020.3.31f1 (6b54b7616050)
[Subsystems] Discovering subsystems at path C:/Program Files/Unity/Hub/Editor/2020.3.31f1/Editor/Data/Resources/UnitySubsystems
[Subsystems] Discovering subsystems at path C:/Users/82105/Documents/capstone/capstone/Assets
GfxDevice: creating device client; threaded=0
Direct3D:
    Version:  Direct3D 11.0 [level 11.1]
    Renderer: NVIDIA GeForce GTX 1660 Ti (ID=0x2182)
    Vendor:   
    VRAM:     5991 MB
    Driver:   27.21.14.5671
Shader 'Oculus/OVRMRCameraFrameLit': fallback shader 'Alpha-Diffuse' not found
Initialize mono
Mono path[0] = 'C:/Program Files/Unity/Hub/Editor/2020.3.31f1/Editor/Data/Managed'
Mono path[1] = 'C:/Program Files/Unity/Hub/Editor/2020.3.31f1/Editor/Data/MonoBleedingEdge/lib/mono/unityjit'
Mono config path = 'C:/Program Files/Unity/Hub/Editor/2020.3.31f1/Editor/Data/MonoBleedingEdge/etc'
Using monoOptions --debugger-agent=transport=dt_socket,embedding=1,server=y,suspend=n,address=127.0.0.1:56220
Begin MonoManager ReloadAssembly
Registering precompiled unity dll's ...
Register platform support module: C:/Program Files/Unity/Hub/Editor/2020.3.31f1/Editor/Data/PlaybackEngines/WindowsStandaloneSupport/UnityEditor.WindowsStandalone.Extensions.dll
Registered in 0.001588 seconds.
Native extension for WindowsStandalone target not found
Refreshing native plugins compatible for Editor in 78.28 ms, found 6 plugins.
Preloading 1 native plugins for Editor in 0.07 ms.
Mono: successfully reloaded assembly
- Completed reload, in  0.540 seconds
Domain Reload Profiling:
	ReloadAssembly (540ms)
		BeginReloadAssembly (54ms)
			ExecutionOrderSort (0ms)
			DisableScriptedObjects (0ms)
			BackupInstance (0ms)
			ReleaseScriptingObjects (0ms)
			CreateAndSetChildDomain (1ms)
		EndReloadAssembly (422ms)
			LoadAssemblies (52ms)
			RebuildTransferFunctionScriptingTraits (0ms)
			SetupTypeCache (123ms)
			ReleaseScriptCaches (0ms)
			RebuildScriptCaches (26ms)
			SetupLoadedEditorAssemblies (187ms)
				LogAssemblyErrors (0ms)
				InitializePlatformSupportModulesInManaged (4ms)
				SetLoadedEditorAssemblies (0ms)
				RefreshPlugins (78ms)
				BeforeProcessingInitializeOnLoad (9ms)
				ProcessInitializeOnLoadAttributes (68ms)
				ProcessInitializeOnLoadMethodAttributes (27ms)
				AfterProcessingInitializeOnLoad (0ms)
				EditorAssembliesLoaded (0ms)
			ExecutionOrderSort2 (0ms)
			AwakeInstancesAfterBackupRestoration (0ms)
Platform modules already initialized, skipping
Registering precompiled user dll's ...
Registered in 0.004736 seconds.
Begin MonoManager ReloadAssembly
Symbol file data-000001D776901740 doesn't match image C:\Users\82105\Documents\capstone\capstone\Library\ScriptAssemblies\Oculus.VR.Editor.dll
Symbol file LoadedFromMemory is not a mono symbol file
Symbol file data-000001D77A99BAD0 doesn't match image C:\Users\82105\Documents\capstone\capstone\Library\ScriptAssemblies\Unity.VSCode.Editor.dll
Symbol file LoadedFromMemory is not a mono symbol file
Symbol file data-000001D77AC7AD70 doesn't match image C:\Users\82105\Documents\capstone\capstone\Library\ScriptAssemblies\Oculus.Platform.dll
Symbol file LoadedFromMemory is not a mono symbol file
Symbol file data-000001D7767CF1B0 doesn't match image C:\Users\82105\Documents\capstone\capstone\Library\ScriptAssemblies\AssistantCoreSDKEditor.dll
Symbol file LoadedFromMemory is not a mono symbol file
Symbol file data-000001D77693D4E0 doesn't match image C:\Users\82105\Documents\capstone\capstone\Library\ScriptAssemblies\Oculus.Interaction.Editor.dll
Symbol file LoadedFromMemory is not a mono symbol file
Symbol file data-000001D77AC7AD70 doesn't match image C:\Users\82105\Documents\capstone\capstone\Library\ScriptAssemblies\Unity.TextMeshPro.Editor.dll
Symbol file LoadedFromMemory is not a mono symbol file
Symbol file data-000001D77693D4E0 doesn't match image C:\Users\82105\Documents\capstone\capstone\Library\ScriptAssemblies\Unity.VisualStudio.Editor.dll
Symbol file LoadedFromMemory is not a mono symbol file
Symbol file data-000001D77A99BAD0 doesn't match image C:\Users\82105\Documents\capstone\capstone\Library\ScriptAssemblies\Oculus.AudioManager.dll
Symbol file LoadedFromMemory is not a mono symbol file
Symbol file data-000001D74B62D670 doesn't match image C:\Users\82105\Documents\capstone\capstone\Library\ScriptAssemblies\Oculus.VR.Scripts.Editor.dll
Symbol file LoadedFromMemory is not a mono symbol file
Symbol file data-000001D77AFEC0A0 doesn't match image C:\Users\82105\Documents\capstone\capstone\Library\ScriptAssemblies\Oculus.Spatializer.dll
Symbol file LoadedFromMemory is not a mono symbol file
Symbol file data-000001D77B4B3A20 doesn't match image C:\Users\82105\Documents\capstone\capstone\Library\ScriptAssemblies\UnityEngine.TestRunner.dll
Symbol file LoadedFromMemory is not a mono symbol file
Symbol file data-000001D77693D4E0 doesn't match image C:\Users\82105\Documents\capstone\capstone\Library\ScriptAssemblies\Unity.XR.Management.Editor.dll
Symbol file LoadedFromMemory is not a mono symbol file
Symbol file data-000001D7769441A0 doesn't match image C:\Users\82105\Documents\capstone\capstone\Library\ScriptAssemblies\Oculus.Interaction.dll
Symbol file LoadedFromMemory is not a mono symbol file
Symbol file data-000001D77BB88250 doesn't match image C:\Users\82105\Documents\capstone\capstone\Library\ScriptAssemblies\Oculus.Platform.Editor.dll
Symbol file LoadedFromMemory is not a mono symbol file
Symbol file data-000001D77B4C6430 doesn't match image C:\Users\82105\Documents\capstone\capstone\Library\ScriptAssemblies\Unity.Timeline.dll
Symbol file LoadedFromMemory is not a mono symbol file
Symbol file data-000001D77A7F8020 doesn't match image C:\Users\82105\Documents\capstone\capstone\Library\ScriptAssemblies\Unity.TextMeshPro.dll
Symbol file LoadedFromMemory is not a mono symbol file
Symbol file data-000001D77AA142C0 doesn't match image C:\Users\82105\Documents\capstone\capstone\Library\ScriptAssemblies\AssistantCoreSDKRuntime.dll
Symbol file LoadedFromMemory is not a mono symbol file
Symbol file data-000001D77A827630 doesn't match image C:\Users\82105\Documents\capstone\capstone\Library\ScriptAssemblies\UnityEditor.TestRunner.dll
Symbol file LoadedFromMemory is not a mono symbol file
Symbol file data-000001D775FA01D0 doesn't match image C:\Users\82105\Documents\capstone\capstone\Library\ScriptAssemblies\Oculus.AudioManager.Utils.Editor.dll
Symbol file LoadedFromMemory is not a mono symbol file
Symbol file data-000001D776760190 doesn't match image C:\Users\82105\Documents\capstone\capstone\Library\ScriptAssemblies\Unity.Subsystem.Registration.dll
Symbol file LoadedFromMemory is not a mono symbol file
Symbol file data-000001D77693D4E0 doesn't match image C:\Users\82105\Documents\capstone\capstone\Library\ScriptAssemblies\UnityEditor.UI.dll
Symbol file LoadedFromMemory is not a mono symbol file
Symbol file data-000001D77AE50020 doesn't match image C:\Users\82105\Documents\capstone\capstone\Library\ScriptAssemblies\Unity.PlasticSCM.Editor.dll
Symbol file LoadedFromMemory is not a mono symbol file
Symbol file data-000001D77ABBCE30 doesn't match image C:\Users\82105\Documents\capstone\capstone\Library\ScriptAssemblies\Unity.Rider.Editor.dll
Symbol file LoadedFromMemory is not a mono symbol file
Symbol file data-000001D77AE61C30 doesn't match image C:\Users\82105\Documents\capstone\capstone\Library\ScriptAssemblies\UnityEngine.UI.dll
Symbol file LoadedFromMemory is not a mono symbol file
Symbol file data-000001D77BFCA070 doesn't match image C:\Users\82105\Documents\capstone\capstone\Library\ScriptAssemblies\UnityEngine.SpatialTracking.dll
Symbol file LoadedFromMemory is not a mono symbol file
Symbol file data-000001D776314E20 doesn't match image C:\Users\82105\Documents\capstone\capstone\Library\ScriptAssemblies\Facebook.WitAI.dll
Symbol file LoadedFromMemory is not a mono symbol file
Symbol file data-000001D776914D60 doesn't match image C:\Users\82105\Documents\capstone\capstone\Library\ScriptAssemblies\VoiceSDK.Editor.dll
Symbol file LoadedFromMemory is not a mono symbol file
Symbol file data-000001D7767F8DB0 doesn't match image C:\Users\82105\Documents\capstone\capstone\Library\ScriptAssemblies\Runtime.dll
Symbol file LoadedFromMemory is not a mono symbol file
Symbol file data-000001D77AA05030 doesn't match image C:\Users\82105\Documents\capstone\capstone\Library\ScriptAssemblies\Oculus.Interaction.InterfaceSupport.dll
Symbol file LoadedFromMemory is not a mono symbol file
Symbol file data-000001D77ACA6BA0 doesn't match image C:\Users\82105\Documents\capstone\capstone\Library\ScriptAssemblies\Unity.Services.Core.Editor.dll
Symbol file LoadedFromMemory is not a mono symbol file
Symbol file data-000001D77ABBCE30 doesn't match image C:\Users\82105\Documents\capstone\capstone\Library\ScriptAssemblies\Facebook.Wit.Editor.dll
Symbol file LoadedFromMemory is not a mono symbol file
Symbol file data-000001D77A3126F0 doesn't match image C:\Users\82105\Documents\capstone\capstone\Library\ScriptAssemblies\UnityEngine.XR.LegacyInputHelpers.dll
Symbol file LoadedFromMemory is not a mono symbol file
Symbol file data-000001D77AE9C020 doesn't match image C:\Users\82105\Documents\capstone\capstone\Library\ScriptAssemblies\Oculus.VR.dll
Symbol file LoadedFromMemory is not a mono symbol file
Symbol file data-000001D77B4CBCC0 doesn't match image C:\Users\82105\Documents\capstone\capstone\Library\ScriptAssemblies\Oculus.AudioManager.Audio.Editor.dll
Symbol file LoadedFromMemory is not a mono symbol file
Symbol file data-000001D77AE9C020 doesn't match image C:\Users\82105\Documents\capstone\capstone\Library\ScriptAssemblies\Unity.Timeline.Editor.dll
Symbol file LoadedFromMemory is not a mono symbol file
Symbol file data-000001D77B9CCCF0 doesn't match image C:\Users\82105\Documents\capstone\capstone\Library\ScriptAssemblies\Oculus.Spatializer.Editor.dll
Symbol file LoadedFromMemory is not a mono symbol file
Symbol file data-000001D776524AB0 doesn't match image C:\Users\82105\Documents\capstone\capstone\Library\ScriptAssemblies\Oculus.LipSync.Editor.dll
Symbol file LoadedFromMemory is not a mono symbol file
Symbol file data-000001D77A83C040 doesn't match image C:\Users\82105\Documents\capstone\capstone\Library\ScriptAssemblies\UnityEditor.XR.LegacyInputHelpers.dll
Symbol file LoadedFromMemory is not a mono symbol file
Symbol file data-000001D7767F8DB0 doesn't match image C:\Users\82105\Documents\capstone\capstone\Library\ScriptAssemblies\Unity.XR.Management.dll
Symbol file LoadedFromMemory is not a mono symbol file
Symbol file data-000001D77A325670 doesn't match image C:\Users\82105\Documents\capstone\capstone\Library\ScriptAssemblies\Unity.CollabProxy.Editor.dll
Symbol file LoadedFromMemory is not a mono symbol file
Symbol file data-000001D77631CE30 doesn't match image C:\Users\82105\Documents\capstone\capstone\Library\ScriptAssemblies\Oculus.LipSync.dll
Symbol file LoadedFromMemory is not a mono symbol file
Symbol file data-000001D77650E790 doesn't match image C:\Users\82105\Documents\capstone\capstone\Library\ScriptAssemblies\Unity.XR.Oculus.Editor.dll
Symbol file LoadedFromMemory is not a mono symbol file
Symbol file data-000001D776914D60 doesn't match image C:\Users\82105\Documents\capstone\capstone\Library\ScriptAssemblies\VoiceSDK.Runtime.dll
Symbol file LoadedFromMemory is not a mono symbol file
Symbol file data-000001D77A0BBCA0 doesn't match image C:\Users\82105\Documents\capstone\capstone\Library\ScriptAssemblies\UnityEditor.SpatialTracking.dll
Symbol file LoadedFromMemory is not a mono symbol file
Symbol file data-000001D776A8B270 doesn't match image C:\Users\82105\Documents\capstone\capstone\Library\ScriptAssemblies\Unity.XR.Oculus.dll
Symbol file LoadedFromMemory is not a mono symbol file
Symbol file data-000001D77B899010 doesn't match image C:\Users\82105\Documents\capstone\capstone\Library\ScriptAssemblies\Oculus.Interaction.Samples.dll
Symbol file LoadedFromMemory is not a mono symbol file
Native extension for WindowsStandalone target not found
Refreshing native plugins compatible for Editor in 1.09 ms, found 6 plugins.
Preloading 1 native plugins for Editor in 0.07 ms.
[XR] OculusXRPlugin: registering subsystems
[XR] Unable to register display lifecyle provider: [1]
[XR] Oculus Input lifecycle provider registered.
[XR] Unable to register input lifecyle provider: [1]
[XR] OVRP version 1.70.0
Mono: successfully reloaded assembly
- Completed reload, in  0.979 seconds
Domain Reload Profiling:
	ReloadAssembly (980ms)
		BeginReloadAssembly (134ms)
			ExecutionOrderSort (0ms)
			DisableScriptedObjects (4ms)
			BackupInstance (0ms)
			ReleaseScriptingObjects (0ms)
			CreateAndSetChildDomain (16ms)
		EndReloadAssembly (787ms)
			LoadAssemblies (98ms)
			RebuildTransferFunctionScriptingTraits (0ms)
			SetupTypeCache (285ms)
			ReleaseScriptCaches (1ms)
			RebuildScriptCaches (54ms)
			SetupLoadedEditorAssemblies (270ms)
				LogAssemblyErrors (0ms)
				InitializePlatformSupportModulesInManaged (4ms)
				SetLoadedEditorAssemblies (0ms)
				RefreshPlugins (1ms)
				BeforeProcessingInitializeOnLoad (65ms)
				ProcessInitializeOnLoadAttributes (181ms)
				ProcessInitializeOnLoadMethodAttributes (14ms)
				AfterProcessingInitializeOnLoad (5ms)
				EditorAssembliesLoaded (0ms)
			ExecutionOrderSort2 (0ms)
			AwakeInstancesAfterBackupRestoration (5ms)
Platform modules already initialized, skipping
========================================================================
Worker process is ready to serve import requests
Shader 'DawnShaderHDRP_V2/HairHDRP': fallback shader 'Hidden/Shader Graph/FallbackError' not found
Shader 'DawnShaderHDRP_V2/HairHDRP': fallback shader 'Hidden/Shader Graph/FallbackError' not found
Shader 'Oculus/OVRMRCameraFrameLit': fallback shader 'Alpha-Diffuse' not found
Launched and connected shader compiler UnityShaderCompiler.exe after 0.05 seconds
Refreshing native plugins compatible for Editor in 1.03 ms, found 6 plugins.
Preloading 1 native plugins for Editor in 0.07 ms.
Unloading 2810 Unused Serialized files (Serialized files now loaded: 0)
System memory in use before: 162.3 MB.
System memory in use after: 159.0 MB.

Unloading 55 unused Assets to reduce memory usage. Loaded Objects now: 3243.
Total: 4.408800 ms (FindLiveObjects: 0.287400 ms CreateObjectMapping: 0.093200 ms MarkObjects: 3.031500 ms  DeleteObjects: 0.995900 ms)

AssetImportParameters requested are different than current active one (requested -> active):
  custom:framework-win-MediaFoundation: 216162199b28c13a410421893ffa2e32 -> 
  custom:video-decoder-ogg-theora: a1e56fd34408186e4bbccfd4996cb3dc -> 
  custom:container-muxer-webm: aa71ff27fc2769a1b78a27578f13a17b -> 
  custom:container-demuxer-webm: 4f35f7cbe854078d1ac9338744f61a02 -> 
  custom:container-demuxer-ogg: 62fdf1f143b41e24485cea50d1cbac27 -> 
  custom:video-encoder-webm-vp8: eb34c28f22e8b96e1ab97ce403110664 -> 
  custom:video-decoder-webm-vp8: 9c59270c3fd7afecdb556c50c9e8de78 -> 
  custom:audio-decoder-ogg-vorbis: bf7c407c2cedff20999df2af8eb42d56 -> 
  custom:audio-encoder-webm-vorbis: bf7c407c2cedff20999df2af8eb42d56 -> 
========================================================================
Received Import Request.
  path: Assets/New Material 1.mat
  artifactKey: Guid(237421d08f46a9a4393b919ddbcba6b8) Importer(815301076,1909f56bfc062723c751e8b465ee728b)
Start importing Assets/New Material 1.mat using Guid(237421d08f46a9a4393b919ddbcba6b8) Importer(815301076,1909f56bfc062723c751e8b465ee728b)  -> (artifact id: '4c14f0ad0e5bdf24ed1fb7833d0e56c9') in 0.089632 seconds 
========================================================================
Received Import Request.
  Time since last request: 71.918887 seconds.
  path: Assets/Scripts/NetworkManager.cs
  artifactKey: Guid(0f4bdb3718fabce4c90d43b51510d28f) Importer(815301076,1909f56bfc062723c751e8b465ee728b)
Start importing Assets/Scripts/NetworkManager.cs using Guid(0f4bdb3718fabce4c90d43b51510d28f) Importer(815301076,1909f56bfc062723c751e8b465ee728b)  -> (artifact id: '2d61815198457d1ef0fa2be681dbbf57') in 0.008139 seconds 
========================================================================
Received Prepare
Registering precompiled user dll's ...
Registered in 0.005554 seconds.
Begin MonoManager ReloadAssembly
Symbol file data-000001D77AD00020 doesn't match image C:\Users\82105\Documents\capstone\capstone\Library\ScriptAssemblies\Oculus.VR.Editor.dll
Symbol file LoadedFromMemory is not a mono symbol file
Symbol file data-000001D77651E3C0 doesn't match image C:\Users\82105\Documents\capstone\capstone\Library\ScriptAssemblies\Unity.VSCode.Editor.dll
Symbol file LoadedFromMemory is not a mono symbol file
Symbol file data-000001D77D829020 doesn't match image C:\Users\82105\Documents\capstone\capstone\Library\ScriptAssemblies\Oculus.Platform.dll
Symbol file LoadedFromMemory is not a mono symbol file
Symbol file data-000001D77A948400 doesn't match image C:\Users\82105\Documents\capstone\capstone\Library\ScriptAssemblies\AssistantCoreSDKEditor.dll
Symbol file LoadedFromMemory is not a mono symbol file
Symbol file data-000001D5E3664010 doesn't match image C:\Users\82105\Documents\capstone\capstone\Library\ScriptAssemblies\Oculus.Interaction.Editor.dll
Symbol file LoadedFromMemory is not a mono symbol file
Symbol file data-000001D77A9F3020 doesn't match image C:\Users\82105\Documents\capstone\capstone\Library\ScriptAssemblies\Unity.TextMeshPro.Editor.dll
Symbol file LoadedFromMemory is not a mono symbol file
Symbol file data-000001D5E3664010 doesn't match image C:\Users\82105\Documents\capstone\capstone\Library\ScriptAssemblies\Unity.VisualStudio.Editor.dll
Symbol file LoadedFromMemory is not a mono symbol file
Symbol file data-000001D776774DA0 doesn't match image C:\Users\82105\Documents\capstone\capstone\Library\ScriptAssemblies\Oculus.AudioManager.dll
Symbol file LoadedFromMemory is not a mono symbol file
Symbol file data-000001D74B653EC0 doesn't match image C:\Users\82105\Documents\capstone\capstone\Library\ScriptAssemblies\Oculus.VR.Scripts.Editor.dll
Symbol file LoadedFromMemory is not a mono symbol file
Symbol file data-000001D776CDF020 doesn't match image C:\Users\82105\Documents\capstone\capstone\Library\ScriptAssemblies\Oculus.Spatializer.dll
Symbol file LoadedFromMemory is not a mono symbol file
Symbol file data-000001D7764FB030 doesn't match image C:\Users\82105\Documents\capstone\capstone\Library\ScriptAssemblies\UnityEngine.TestRunner.dll
Symbol file LoadedFromMemory is not a mono symbol file
Symbol file data-000001D77A1CC010 doesn't match image C:\Users\82105\Documents\capstone\capstone\Library\ScriptAssemblies\Unity.XR.Management.Editor.dll
Symbol file LoadedFromMemory is not a mono symbol file
Symbol file data-000001D77A640010 doesn't match image C:\Users\82105\Documents\capstone\capstone\Library\ScriptAssemblies\Oculus.Interaction.dll
Symbol file LoadedFromMemory is not a mono symbol file
Symbol file data-000001D776A8A630 doesn't match image C:\Users\82105\Documents\capstone\capstone\Library\ScriptAssemblies\Oculus.Platform.Editor.dll
Symbol file LoadedFromMemory is not a mono symbol file
Symbol file data-000001D77A65F420 doesn't match image C:\Users\82105\Documents\capstone\capstone\Library\ScriptAssemblies\Unity.Timeline.dll
Symbol file LoadedFromMemory is not a mono symbol file
Symbol file data-000001D77AC7AD00 doesn't match image C:\Users\82105\Documents\capstone\capstone\Library\ScriptAssemblies\Unity.TextMeshPro.dll
Symbol file LoadedFromMemory is not a mono symbol file
Symbol file data-000001D77AFE53B0 doesn't match image C:\Users\82105\Documents\capstone\capstone\Library\ScriptAssemblies\AssistantCoreSDKRuntime.dll
Symbol file LoadedFromMemory is not a mono symbol file
Symbol file data-000001D77DAFE010 doesn't match image C:\Users\82105\Documents\capstone\capstone\Library\ScriptAssemblies\UnityEditor.TestRunner.dll
Symbol file LoadedFromMemory is not a mono symbol file
Symbol file data-000001D5E2F13090 doesn't match image C:\Users\82105\Documents\capstone\capstone\Library\ScriptAssemblies\Oculus.AudioManager.Utils.Editor.dll
Symbol file LoadedFromMemory is not a mono symbol file
Symbol file data-000001D5E0952F20 doesn't match image C:\Users\82105\Documents\capstone\capstone\Library\ScriptAssemblies\Unity.Subsystem.Registration.dll
Symbol file LoadedFromMemory is not a mono symbol file
Symbol file data-000001D5E2F90B80 doesn't match image C:\Users\82105\Documents\capstone\capstone\Library\ScriptAssemblies\UnityEditor.UI.dll
Symbol file LoadedFromMemory is not a mono symbol file
Symbol file data-000001D77AAEF020 doesn't match image C:\Users\82105\Documents\capstone\capstone\Library\ScriptAssemblies\Unity.PlasticSCM.Editor.dll
Symbol file LoadedFromMemory is not a mono symbol file
Symbol file data-000001D776ADCE00 doesn't match image C:\Users\82105\Documents\capstone\capstone\Library\ScriptAssemblies\Unity.Rider.Editor.dll
Symbol file LoadedFromMemory is not a mono symbol file
Symbol file data-000001D77A8D5520 doesn't match image C:\Users\82105\Documents\capstone\capstone\Library\ScriptAssemblies\UnityEngine.UI.dll
Symbol file LoadedFromMemory is not a mono symbol file
Symbol file data-000001D5E31C2580 doesn't match image C:\Users\82105\Documents\capstone\capstone\Library\ScriptAssemblies\UnityEngine.SpatialTracking.dll
Symbol file LoadedFromMemory is not a mono symbol file
Symbol file data-000001D5E3664010 doesn't match image C:\Users\82105\Documents\capstone\capstone\Library\ScriptAssemblies\Facebook.WitAI.dll
Symbol file LoadedFromMemory is not a mono symbol file
Symbol file data-000001D77E1F1020 doesn't match image C:\Users\82105\Documents\capstone\capstone\Library\ScriptAssemblies\VoiceSDK.Editor.dll
Symbol file LoadedFromMemory is not a mono symbol file
Symbol file data-000001D77A306A30 doesn't match image C:\Users\82105\Documents\capstone\capstone\Library\ScriptAssemblies\Runtime.dll
Symbol file LoadedFromMemory is not a mono symbol file
Symbol file data-000001D77AA06550 doesn't match image C:\Users\82105\Documents\capstone\capstone\Library\ScriptAssemblies\Oculus.Interaction.InterfaceSupport.dll
Symbol file LoadedFromMemory is not a mono symbol file
Symbol file data-000001D77A1CC010 doesn't match image C:\Users\82105\Documents\capstone\capstone\Library\ScriptAssemblies\Unity.Services.Core.Editor.dll
Symbol file LoadedFromMemory is not a mono symbol file
Symbol file data-000001D77BE2A230 doesn't match image C:\Users\82105\Documents\capstone\capstone\Library\ScriptAssemblies\Facebook.Wit.Editor.dll
Symbol file LoadedFromMemory is not a mono symbol file
Symbol file data-000001D77BD61CB0 doesn't match image C:\Users\82105\Documents\capstone\capstone\Library\ScriptAssemblies\UnityEngine.XR.LegacyInputHelpers.dll
Symbol file LoadedFromMemory is not a mono symbol file
Symbol file data-000001D77A750020 doesn't match image C:\Users\82105\Documents\capstone\capstone\Library\ScriptAssemblies\Oculus.VR.dll
Symbol file LoadedFromMemory is not a mono symbol file
Symbol file data-000001D776677670 doesn't match image C:\Users\82105\Documents\capstone\capstone\Library\ScriptAssemblies\Oculus.AudioManager.Audio.Editor.dll
Symbol file LoadedFromMemory is not a mono symbol file
Symbol file data-000001D77AF59020 doesn't match image C:\Users\82105\Documents\capstone\capstone\Library\ScriptAssemblies\Unity.Timeline.Editor.dll
Symbol file LoadedFromMemory is not a mono symbol file
Symbol file data-000001D776BF5A40 doesn't match image C:\Users\82105\Documents\capstone\capstone\Library\ScriptAssemblies\Oculus.Spatializer.Editor.dll
Symbol file LoadedFromMemory is not a mono symbol file
Symbol file data-000001D77E3153B0 doesn't match image C:\Users\82105\Documents\capstone\capstone\Library\ScriptAssemblies\Oculus.LipSync.Editor.dll
Symbol file LoadedFromMemory is not a mono symbol file
Symbol file data-000001D77E1F1020 doesn't match image C:\Users\82105\Documents\capstone\capstone\Library\ScriptAssemblies\UnityEditor.XR.LegacyInputHelpers.dll
Symbol file LoadedFromMemory is not a mono symbol file
Symbol file data-000001D77A306A30 doesn't match image C:\Users\82105\Documents\capstone\capstone\Library\ScriptAssemblies\Unity.XR.Management.dll
Symbol file LoadedFromMemory is not a mono symbol file
Symbol file data-000001D77A517640 doesn't match image C:\Users\82105\Documents\capstone\capstone\Library\ScriptAssemblies\Unity.CollabProxy.Editor.dll
Symbol file LoadedFromMemory is not a mono symbol file
Symbol file data-000001D77A4D4C20 doesn't match image C:\Users\82105\Documents\capstone\capstone\Library\ScriptAssemblies\Oculus.LipSync.dll
Symbol file LoadedFromMemory is not a mono symbol file
Symbol file data-000001D5E366A820 doesn't match image C:\Users\82105\Documents\capstone\capstone\Library\ScriptAssemblies\Unity.XR.Oculus.Editor.dll
Symbol file LoadedFromMemory is not a mono symbol file
Symbol file data-000001D77668A830 doesn't match image C:\Users\82105\Documents\capstone\capstone\Library\ScriptAssemblies\VoiceSDK.Runtime.dll
Symbol file LoadedFromMemory is not a mono symbol file
Symbol file data-000001D5E87A6B20 doesn't match image C:\Users\82105\Documents\capstone\capstone\Library\ScriptAssemblies\UnityEditor.SpatialTracking.dll
Symbol file LoadedFromMemory is not a mono symbol file
Symbol file data-000001D776BF5A40 doesn't match image C:\Users\82105\Documents\capstone\capstone\Library\ScriptAssemblies\Unity.XR.Oculus.dll
Symbol file LoadedFromMemory is not a mono symbol file
Symbol file data-000001D77B7A9010 doesn't match image C:\Users\82105\Documents\capstone\capstone\Library\ScriptAssemblies\Oculus.Interaction.Samples.dll
Symbol file LoadedFromMemory is not a mono symbol file
Native extension for WindowsStandalone target not found
Refreshing native plugins compatible for Editor in 1.18 ms, found 6 plugins.
Preloading 1 native plugins for Editor in 0.07 ms.
Mono: successfully reloaded assembly
- Completed reload, in  1.034 seconds
Domain Reload Profiling:
	ReloadAssembly (1035ms)
		BeginReloadAssembly (127ms)
			ExecutionOrderSort (0ms)
			DisableScriptedObjects (4ms)
			BackupInstance (0ms)
			ReleaseScriptingObjects (0ms)
			CreateAndSetChildDomain (34ms)
		EndReloadAssembly (832ms)
			LoadAssemblies (111ms)
			RebuildTransferFunctionScriptingTraits (0ms)
			SetupTypeCache (319ms)
			ReleaseScriptCaches (1ms)
			RebuildScriptCaches (40ms)
			SetupLoadedEditorAssemblies (286ms)
				LogAssemblyErrors (0ms)
				InitializePlatformSupportModulesInManaged (5ms)
				SetLoadedEditorAssemblies (0ms)
				RefreshPlugins (1ms)
				BeforeProcessingInitializeOnLoad (61ms)
				ProcessInitializeOnLoadAttributes (197ms)
				ProcessInitializeOnLoadMethodAttributes (15ms)
				AfterProcessingInitializeOnLoad (6ms)
				EditorAssembliesLoaded (0ms)
			ExecutionOrderSort2 (0ms)
			AwakeInstancesAfterBackupRestoration (6ms)
Platform modules already initialized, skipping
Shader 'DawnShaderHDRP_V2/HairHDRP': fallback shader 'Hidden/Shader Graph/FallbackError' not found
Shader 'Oculus/OVRMRCameraFrameLit': fallback shader 'Alpha-Diffuse' not found
Shader 'DawnShaderHDRP_V2/HairHDRP': fallback shader 'Hidden/Shader Graph/FallbackError' not found
Refreshing native plugins compatible for Editor in 1.33 ms, found 6 plugins.
Preloading 1 native plugins for Editor in 0.07 ms.
Unloading 2695 Unused Serialized files (Serialized files now loaded: 0)
System memory in use before: 154.9 MB.
System memory in use after: 151.6 MB.

Unloading 50 unused Assets to reduce memory usage. Loaded Objects now: 3288.
Total: 3.996100 ms (FindLiveObjects: 0.270700 ms CreateObjectMapping: 0.073000 ms MarkObjects: 2.695700 ms  DeleteObjects: 0.955700 ms)

AssetImportParameters requested are different than current active one (requested -> active):
  custom:framework-win-MediaFoundation: 216162199b28c13a410421893ffa2e32 -> 
  custom:video-decoder-ogg-theora: a1e56fd34408186e4bbccfd4996cb3dc -> 
  custom:container-muxer-webm: aa71ff27fc2769a1b78a27578f13a17b -> 
  custom:container-demuxer-webm: 4f35f7cbe854078d1ac9338744f61a02 -> 
  custom:container-demuxer-ogg: 62fdf1f143b41e24485cea50d1cbac27 -> 
  custom:video-encoder-webm-vp8: eb34c28f22e8b96e1ab97ce403110664 -> 
  custom:video-decoder-webm-vp8: 9c59270c3fd7afecdb556c50c9e8de78 -> 
  custom:audio-decoder-ogg-vorbis: bf7c407c2cedff20999df2af8eb42d56 -> 
  custom:audio-encoder-webm-vorbis: bf7c407c2cedff20999df2af8eb42d56 -> 
========================================================================
Received Import Request.
  Time since last request: 28.956066 seconds.
  path: Assets/Scripts/NetworkManager.cs
  artifactKey: Guid(0f4bdb3718fabce4c90d43b51510d28f) Importer(815301076,1909f56bfc062723c751e8b465ee728b)
Start importing Assets/Scripts/NetworkManager.cs using Guid(0f4bdb3718fabce4c90d43b51510d28f) Importer(815301076,1909f56bfc062723c751e8b465ee728b)  -> (artifact id: 'dc532c4177a340b0fbff47476c99bf69') in 0.005384 seconds 
========================================================================
Received Prepare
Registering precompiled user dll's ...
Registered in 0.005988 seconds.
Begin MonoManager ReloadAssembly
Native extension for WindowsStandalone target not found
Refreshing native plugins compatible for Editor in 1.11 ms, found 6 plugins.
Preloading 1 native plugins for Editor in 0.06 ms.
Mono: successfully reloaded assembly
- Completed reload, in  0.863 seconds
Domain Reload Profiling:
	ReloadAssembly (864ms)
		BeginReloadAssembly (96ms)
			ExecutionOrderSort (0ms)
			DisableScriptedObjects (4ms)
			BackupInstance (0ms)
			ReleaseScriptingObjects (0ms)
			CreateAndSetChildDomain (27ms)
		EndReloadAssembly (714ms)
			LoadAssemblies (88ms)
			RebuildTransferFunctionScriptingTraits (0ms)
			SetupTypeCache (261ms)
			ReleaseScriptCaches (1ms)
			RebuildScriptCaches (36ms)
			SetupLoadedEditorAssemblies (249ms)
				LogAssemblyErrors (0ms)
				InitializePlatformSupportModulesInManaged (4ms)
				SetLoadedEditorAssemblies (0ms)
				RefreshPlugins (1ms)
				BeforeProcessingInitializeOnLoad (53ms)
				ProcessInitializeOnLoadAttributes (172ms)
				ProcessInitializeOnLoadMethodAttributes (12ms)
				AfterProcessingInitializeOnLoad (6ms)
				EditorAssembliesLoaded (0ms)
			ExecutionOrderSort2 (0ms)
			AwakeInstancesAfterBackupRestoration (8ms)
Platform modules already initialized, skipping
Shader 'DawnShaderHDRP_V2/HairHDRP': fallback shader 'Hidden/Shader Graph/FallbackError' not found
Shader 'DawnShaderHDRP_V2/HairHDRP': fallback shader 'Hidden/Shader Graph/FallbackError' not found
Shader 'Oculus/OVRMRCameraFrameLit': fallback shader 'Alpha-Diffuse' not found
Refreshing native plugins compatible for Editor in 1.32 ms, found 6 plugins.
Preloading 1 native plugins for Editor in 0.06 ms.
Unloading 2917 Unused Serialized files (Serialized files now loaded: 0)
System memory in use before: 161.8 MB.
System memory in use after: 158.5 MB.

Unloading 56 unused Assets to reduce memory usage. Loaded Objects now: 3509.
Total: 3.803900 ms (FindLiveObjects: 0.235900 ms CreateObjectMapping: 0.078100 ms MarkObjects: 2.518300 ms  DeleteObjects: 0.970800 ms)

AssetImportParameters requested are different than current active one (requested -> active):
  custom:framework-win-MediaFoundation: 216162199b28c13a410421893ffa2e32 -> 
  custom:video-decoder-ogg-theora: a1e56fd34408186e4bbccfd4996cb3dc -> 
  custom:container-muxer-webm: aa71ff27fc2769a1b78a27578f13a17b -> 
  custom:container-demuxer-webm: 4f35f7cbe854078d1ac9338744f61a02 -> 
  custom:container-demuxer-ogg: 62fdf1f143b41e24485cea50d1cbac27 -> 
  custom:video-encoder-webm-vp8: eb34c28f22e8b96e1ab97ce403110664 -> 
  custom:video-decoder-webm-vp8: 9c59270c3fd7afecdb556c50c9e8de78 -> 
  custom:audio-decoder-ogg-vorbis: bf7c407c2cedff20999df2af8eb42d56 -> 
  custom:audio-encoder-webm-vorbis: bf7c407c2cedff20999df2af8eb42d56 -> 
========================================================================
Received Import Request.
  Time since last request: 218.731784 seconds.
  path: Assets/Photon/PhotonUnityNetworking/Resources/PhotonServerSettings.asset
  artifactKey: Guid(54f6d8f7e341bf74a89a8c1af9acb0a3) Importer(815301076,1909f56bfc062723c751e8b465ee728b)
Start importing Assets/Photon/PhotonUnityNetworking/Resources/PhotonServerSettings.asset using Guid(54f6d8f7e341bf74a89a8c1af9acb0a3) Importer(815301076,1909f56bfc062723c751e8b465ee728b)  -> (artifact id: '6225df2e7952bab281c03a328fc31b27') in 0.040745 seconds 
========================================================================
Received Import Request.
  Time since last request: 340.808419 seconds.
  path: Assets/Photon/PhotonUnityNetworking/Code/PhotonView.cs
  artifactKey: Guid(aa584fbee541324448dd18d8409c7a41) Importer(815301076,1909f56bfc062723c751e8b465ee728b)
Start importing Assets/Photon/PhotonUnityNetworking/Code/PhotonView.cs using Guid(aa584fbee541324448dd18d8409c7a41) Importer(815301076,1909f56bfc062723c751e8b465ee728b)  -> (artifact id: '0b7a4bae29ffdf34bcc63c05b8facb4f') in 0.005854 seconds 
========================================================================
Received Prepare
Registering precompiled user dll's ...
Registered in 0.007117 seconds.
Begin MonoManager ReloadAssembly
Native extension for WindowsStandalone target not found
Refreshing native plugins compatible for Editor in 1.34 ms, found 6 plugins.
Preloading 1 native plugins for Editor in 0.10 ms.
Mono: successfully reloaded assembly
- Completed reload, in  0.869 seconds
Domain Reload Profiling:
	ReloadAssembly (869ms)
		BeginReloadAssembly (98ms)
			ExecutionOrderSort (0ms)
			DisableScriptedObjects (4ms)
			BackupInstance (0ms)
			ReleaseScriptingObjects (0ms)
			CreateAndSetChildDomain (30ms)
		EndReloadAssembly (716ms)
			LoadAssemblies (86ms)
			RebuildTransferFunctionScriptingTraits (0ms)
			SetupTypeCache (265ms)
			ReleaseScriptCaches (1ms)
			RebuildScriptCaches (37ms)
			SetupLoadedEditorAssemblies (250ms)
				LogAssemblyErrors (0ms)
				InitializePlatformSupportModulesInManaged (4ms)
				SetLoadedEditorAssemblies (1ms)
				RefreshPlugins (2ms)
				BeforeProcessingInitializeOnLoad (54ms)
				ProcessInitializeOnLoadAttributes (172ms)
				ProcessInitializeOnLoadMethodAttributes (12ms)
				AfterProcessingInitializeOnLoad (5ms)
				EditorAssembliesLoaded (0ms)
			ExecutionOrderSort2 (0ms)
			AwakeInstancesAfterBackupRestoration (5ms)
Platform modules already initialized, skipping
Shader 'DawnShaderHDRP_V2/HairHDRP': fallback shader 'Hidden/Shader Graph/FallbackError' not found
Shader 'DawnShaderHDRP_V2/HairHDRP': fallback shader 'Hidden/Shader Graph/FallbackError' not found
Shader 'Oculus/OVRMRCameraFrameLit': fallback shader 'Alpha-Diffuse' not found
Refreshing native plugins compatible for Editor in 1.12 ms, found 6 plugins.
Preloading 1 native plugins for Editor in 0.06 ms.
Unloading 2917 Unused Serialized files (Serialized files now loaded: 0)
System memory in use before: 161.8 MB.
System memory in use after: 158.6 MB.

Unloading 56 unused Assets to reduce memory usage. Loaded Objects now: 3514.
Total: 3.911900 ms (FindLiveObjects: 0.247300 ms CreateObjectMapping: 0.077500 ms MarkObjects: 2.579600 ms  DeleteObjects: 1.006700 ms)

AssetImportParameters requested are different than current active one (requested -> active):
  custom:framework-win-MediaFoundation: 216162199b28c13a410421893ffa2e32 -> 
  custom:video-decoder-ogg-theora: a1e56fd34408186e4bbccfd4996cb3dc -> 
  custom:container-muxer-webm: aa71ff27fc2769a1b78a27578f13a17b -> 
  custom:container-demuxer-webm: 4f35f7cbe854078d1ac9338744f61a02 -> 
  custom:container-demuxer-ogg: 62fdf1f143b41e24485cea50d1cbac27 -> 
  custom:video-encoder-webm-vp8: eb34c28f22e8b96e1ab97ce403110664 -> 
  custom:video-decoder-webm-vp8: 9c59270c3fd7afecdb556c50c9e8de78 -> 
  custom:audio-decoder-ogg-vorbis: bf7c407c2cedff20999df2af8eb42d56 -> 
  custom:audio-encoder-webm-vorbis: bf7c407c2cedff20999df2af8eb42d56 -> 
AssetImportWorkerClient::OnTransportError - code=2 error=End of file
